{"level":"INFO","time":"2025-03-03T10:09:29.735+0300","caller":"logging/logger.go:55","msg":"Config downloaded..."}
{"level":"DEBUG","time":"2025-03-03T10:09:29.735+0300","caller":"logging/logger.go:50","msg":"Config Fields","cfg":{"DB":{"Host":"localhost","Port":"5432","User":"backend_user","Pwd":"backenf_user_pwd","Database":"backend","SSLMode":"disable"},"App":{"PrefectApiUrl":"https://prefect.ons.vita.local/api","StageStatusQueryTimeout":1,"NumWorkers":5}}}
{"level":"INFO","time":"2025-03-03T10:09:29.738+0300","caller":"logging/logger.go:55","msg":"Connected to the database successfully"}
{"level":"INFO","time":"2025-03-03T10:09:29.809+0300","caller":"persistence/db.go:50","msg":"Database migration completed successfully"}
{"level":"INFO","time":"2025-03-03T10:09:29.810+0300","caller":"logging/logger.go:55","msg":"Server is running on port: 8081"}
{"level":"INFO","time":"2025-03-03T10:09:52.031+0300","caller":"logging/logger.go:55","msg":"[Sendpost controller] Get sendposts request"}
{"level":"INFO","time":"2025-03-03T10:10:50.013+0300","caller":"logging/logger.go:55","msg":"Config downloaded..."}
{"level":"DEBUG","time":"2025-03-03T10:10:50.013+0300","caller":"logging/logger.go:50","msg":"Config Fields","cfg":{"DB":{"Host":"localhost","Port":"5432","User":"backend_user","Pwd":"backenf_user_pwd","Database":"backend","SSLMode":"disable"},"App":{"PrefectApiUrl":"https://prefect.ons.vita.local/api","StageStatusQueryTimeout":1,"NumWorkers":5}}}
{"level":"INFO","time":"2025-03-03T10:10:50.016+0300","caller":"logging/logger.go:55","msg":"Connected to the database successfully"}
{"level":"INFO","time":"2025-03-03T10:10:50.087+0300","caller":"persistence/db.go:50","msg":"Database migration completed successfully"}
{"level":"INFO","time":"2025-03-03T10:10:50.088+0300","caller":"logging/logger.go:55","msg":"Server is running on port: 8081"}
{"level":"INFO","time":"2025-03-03T10:10:54.589+0300","caller":"logging/logger.go:55","msg":"[Sendpost controller] Get sendposts request"}
{"level":"INFO","time":"2025-03-03T10:10:56.762+0300","caller":"logging/logger.go:55","msg":"[Sendpost controller] Get sendposts request"}
{"level":"INFO","time":"2025-03-03T10:19:46.163+0300","caller":"logging/logger.go:55","msg":"Config downloaded..."}
{"level":"DEBUG","time":"2025-03-03T10:19:46.163+0300","caller":"logging/logger.go:50","msg":"Config Fields","cfg":{"DB":{"Host":"localhost","Port":"5432","User":"backend_user","Pwd":"backenf_user_pwd","Database":"backend","SSLMode":"disable"},"App":{"PrefectApiUrl":"https://prefect.ons.vita.local/api","StageStatusQueryTimeout":1,"NumWorkers":5}}}
{"level":"INFO","time":"2025-03-03T10:19:46.166+0300","caller":"logging/logger.go:55","msg":"Connected to the database successfully"}
{"level":"INFO","time":"2025-03-03T10:19:46.243+0300","caller":"persistence/db.go:50","msg":"Database migration completed successfully"}
{"level":"INFO","time":"2025-03-03T10:19:46.243+0300","caller":"logging/logger.go:55","msg":"Server is running on port: 8081"}
{"level":"INFO","time":"2025-03-03T10:19:48.968+0300","caller":"logging/logger.go:55","msg":"[Sendpost controller] Get sendposts request"}
{"level":"INFO","time":"2025-03-03T10:43:24.522+0300","caller":"logging/logger.go:55","msg":"Config downloaded..."}
{"level":"DEBUG","time":"2025-03-03T10:43:24.522+0300","caller":"logging/logger.go:50","msg":"Config Fields","cfg":{"DB":{"Host":"localhost","Port":"5432","User":"backend_user","Pwd":"backenf_user_pwd","Database":"backend","SSLMode":"disable"},"App":{"PrefectApiUrl":"https://prefect.ons.vita.local/api","StageStatusQueryTimeout":1,"NumWorkers":5}}}
{"level":"INFO","time":"2025-03-03T10:43:24.525+0300","caller":"logging/logger.go:55","msg":"Connected to the database successfully"}
{"level":"INFO","time":"2025-03-03T10:43:24.593+0300","caller":"persistence/db.go:50","msg":"Database migration completed successfully"}
{"level":"INFO","time":"2025-03-03T10:43:24.593+0300","caller":"logging/logger.go:55","msg":"Server is running on port: 8081"}
{"level":"INFO","time":"2025-03-03T10:43:27.648+0300","caller":"logging/logger.go:55","msg":"[Sendpost controller] Get sendposts request"}
{"level":"DEBUG","time":"2025-03-03T10:43:27.650+0300","caller":"logging/logger.go:50","msg":"debug GetSendposts","sendposts":[]}
{"level":"INFO","time":"2025-03-03T10:43:54.384+0300","caller":"logging/logger.go:55","msg":"[Sendpost controller] Get sendposts request"}
{"level":"DEBUG","time":"2025-03-03T10:43:54.385+0300","caller":"logging/logger.go:50","msg":"debug GetSendposts","sendposts":[{"ID":1,"CreatedAt":"2025-02-28T13:12:59.487531+03:00","UpdatedAt":"2025-02-28T14:11:44.654987+03:00","DeletedAt":null,"SendpostName":"FAAA","IsTemplate":false,"FirstStageID":null,"FirstStage":null,"State":"NEVERRUNNING"}]}
{"level":"INFO","time":"2025-03-03T14:21:16.554+0300","caller":"logging/logger.go:55","msg":"Config downloaded..."}
{"level":"DEBUG","time":"2025-03-03T14:21:16.554+0300","caller":"logging/logger.go:50","msg":"Config Fields","cfg":{"DB":{"Host":"localhost","Port":"5432","User":"backend_user","Pwd":"backenf_user_pwd","Database":"backend","SSLMode":"disable"},"App":{"PrefectApiUrl":"https://prefect.ons.vita.local/api","StageStatusQueryTimeout":1,"NumWorkers":5}}}
{"level":"INFO","time":"2025-03-03T14:21:16.557+0300","caller":"logging/logger.go:55","msg":"Connected to the database successfully"}
{"level":"INFO","time":"2025-03-03T14:21:16.640+0300","caller":"persistence/db.go:50","msg":"Database migration completed successfully"}
{"level":"INFO","time":"2025-03-03T14:21:16.641+0300","caller":"logging/logger.go:55","msg":"Server is running on port: 8081"}
{"level":"INFO","time":"2025-03-03T14:34:57.152+0300","caller":"logging/logger.go:55","msg":"Config downloaded..."}
{"level":"DEBUG","time":"2025-03-03T14:34:57.152+0300","caller":"logging/logger.go:50","msg":"Config Fields","cfg":{"DB":{"Host":"localhost","Port":"5432","User":"backend_user","Pwd":"backenf_user_pwd","Database":"backend","SSLMode":"disable"},"App":{"PrefectApiUrl":"https://prefect.ons.vita.local/api","StageStatusQueryTimeout":1,"NumWorkers":5}}}
{"level":"INFO","time":"2025-03-03T14:34:57.155+0300","caller":"logging/logger.go:55","msg":"Connected to the database successfully"}
{"level":"INFO","time":"2025-03-03T14:34:57.225+0300","caller":"persistence/db.go:50","msg":"Database migration completed successfully"}
{"level":"INFO","time":"2025-03-03T14:34:57.226+0300","caller":"logging/logger.go:55","msg":"Server is running on port: 8081"}
{"level":"INFO","time":"2025-03-03T14:37:30.050+0300","caller":"logging/logger.go:55","msg":"Config downloaded..."}
{"level":"DEBUG","time":"2025-03-03T14:37:30.050+0300","caller":"logging/logger.go:50","msg":"Config Fields","cfg":{"DB":{"Host":"localhost","Port":"5432","User":"backend_user","Pwd":"backenf_user_pwd","Database":"backend","SSLMode":"disable"},"App":{"PrefectApiUrl":"https://prefect.ons.vita.local/api","StageStatusQueryTimeout":1,"NumWorkers":5}}}
{"level":"INFO","time":"2025-03-03T14:37:30.053+0300","caller":"logging/logger.go:55","msg":"Connected to the database successfully"}
{"level":"INFO","time":"2025-03-03T14:37:30.129+0300","caller":"persistence/db.go:50","msg":"Database migration completed successfully"}
{"level":"INFO","time":"2025-03-03T14:37:30.129+0300","caller":"logging/logger.go:55","msg":"Server is running on port: 8081"}
{"level":"INFO","time":"2025-03-03T14:38:19.768+0300","caller":"logging/logger.go:55","msg":"Config downloaded..."}
{"level":"DEBUG","time":"2025-03-03T14:38:19.768+0300","caller":"logging/logger.go:50","msg":"Config Fields","cfg":{"DB":{"Host":"localhost","Port":"5432","User":"backend_user","Pwd":"backenf_user_pwd","Database":"backend","SSLMode":"disable"},"App":{"PrefectApiUrl":"https://prefect.ons.vita.local/api","StageStatusQueryTimeout":1,"NumWorkers":5}}}
{"level":"INFO","time":"2025-03-03T14:38:19.770+0300","caller":"logging/logger.go:55","msg":"Connected to the database successfully"}
{"level":"INFO","time":"2025-03-03T14:38:19.841+0300","caller":"persistence/db.go:50","msg":"Database migration completed successfully"}
{"level":"INFO","time":"2025-03-03T14:38:19.841+0300","caller":"logging/logger.go:55","msg":"Server is running on port: 8081"}
{"level":"INFO","time":"2025-03-03T14:39:00.830+0300","caller":"logging/logger.go:55","msg":"[Stage controller] Add stage to sendpost request"}
{"level":"INFO","time":"2025-03-03T14:44:15.280+0300","caller":"logging/logger.go:55","msg":"[Stage controller] Add stage to sendpost request"}
{"level":"INFO","time":"2025-03-03T14:46:58.852+0300","caller":"logging/logger.go:55","msg":"[Stage controller] Add stage to sendpost request"}
{"level":"INFO","time":"2025-03-03T14:49:38.404+0300","caller":"logging/logger.go:55","msg":"Config downloaded..."}
{"level":"DEBUG","time":"2025-03-03T14:49:38.404+0300","caller":"logging/logger.go:50","msg":"Config Fields","cfg":{"DB":{"Host":"localhost","Port":"5432","User":"backend_user","Pwd":"backenf_user_pwd","Database":"backend","SSLMode":"disable"},"App":{"PrefectApiUrl":"https://prefect.ons.vita.local/api","StageStatusQueryTimeout":1,"NumWorkers":5}}}
{"level":"INFO","time":"2025-03-03T14:49:38.406+0300","caller":"logging/logger.go:55","msg":"Connected to the database successfully"}
{"level":"INFO","time":"2025-03-03T14:49:38.477+0300","caller":"persistence/db.go:50","msg":"Database migration completed successfully"}
{"level":"INFO","time":"2025-03-03T14:49:38.477+0300","caller":"logging/logger.go:55","msg":"Server is running on port: 8081"}
{"level":"INFO","time":"2025-03-03T15:31:28.130+0300","caller":"logging/logger.go:55","msg":"Config downloaded..."}
{"level":"DEBUG","time":"2025-03-03T15:31:28.130+0300","caller":"logging/logger.go:50","msg":"Config Fields","cfg":{"DB":{"Host":"localhost","Port":"5432","User":"backend_user","Pwd":"backenf_user_pwd","Database":"backend","SSLMode":"disable"},"App":{"PrefectApiUrl":"https://prefect.ons.vita.local/api","StageStatusQueryTimeout":1,"NumWorkers":5}}}
{"level":"INFO","time":"2025-03-03T15:31:28.133+0300","caller":"logging/logger.go:55","msg":"Connected to the database successfully"}
{"level":"INFO","time":"2025-03-03T15:31:28.209+0300","caller":"persistence/db.go:50","msg":"Database migration completed successfully"}
{"level":"INFO","time":"2025-03-03T15:31:28.210+0300","caller":"logging/logger.go:55","msg":"Server is running on port: 8081"}
{"level":"INFO","time":"2025-03-03T15:32:51.759+0300","caller":"logging/logger.go:55","msg":"[Stage controller] Add sub-stage request"}
{"level":"WARN","time":"2025-03-03T15:32:51.762+0300","caller":"logging/logger.go:60","msg":"[Stage controller] Error AddStageToSendpost","error":"[StageService] error saving stage: ERROR: insert or update on table \"stages\" violates foreign key constraint \"fk_stages_sendpost\" (SQLSTATE 23503)"}
{"level":"INFO","time":"2025-03-03T15:34:05.503+0300","caller":"logging/logger.go:55","msg":"Config downloaded..."}
{"level":"DEBUG","time":"2025-03-03T15:34:05.503+0300","caller":"logging/logger.go:50","msg":"Config Fields","cfg":{"DB":{"Host":"localhost","Port":"5432","User":"backend_user","Pwd":"backenf_user_pwd","Database":"backend","SSLMode":"disable"},"App":{"PrefectApiUrl":"https://prefect.ons.vita.local/api","StageStatusQueryTimeout":1,"NumWorkers":5}}}
{"level":"INFO","time":"2025-03-03T15:34:05.506+0300","caller":"logging/logger.go:55","msg":"Connected to the database successfully"}
{"level":"INFO","time":"2025-03-03T15:34:05.578+0300","caller":"persistence/db.go:50","msg":"Database migration completed successfully"}
{"level":"INFO","time":"2025-03-03T15:34:05.578+0300","caller":"logging/logger.go:55","msg":"Server is running on port: 8081"}
{"level":"INFO","time":"2025-03-03T15:34:07.704+0300","caller":"logging/logger.go:55","msg":"[Stage controller] Add sub-stage request"}
{"level":"INFO","time":"2025-03-03T16:01:58.860+0300","caller":"logging/logger.go:55","msg":"Config downloaded..."}
{"level":"DEBUG","time":"2025-03-03T16:01:58.860+0300","caller":"logging/logger.go:50","msg":"Config Fields","cfg":{"DB":{"Host":"localhost","Port":"5432","User":"backend_user","Pwd":"backenf_user_pwd","Database":"backend","SSLMode":"disable"},"App":{"PrefectApiUrl":"https://prefect.ons.vita.local/api","StageStatusQueryTimeout":1,"NumWorkers":5}}}
{"level":"INFO","time":"2025-03-03T16:01:58.863+0300","caller":"logging/logger.go:55","msg":"Connected to the database successfully"}
{"level":"INFO","time":"2025-03-03T16:01:58.932+0300","caller":"persistence/db.go:50","msg":"Database migration completed successfully"}
{"level":"INFO","time":"2025-03-03T16:01:58.933+0300","caller":"logging/logger.go:55","msg":"Server is running on port: 8081"}
{"level":"INFO","time":"2025-03-03T16:02:27.456+0300","caller":"logging/logger.go:55","msg":"[Stage controller] Delete stage request"}
{"level":"INFO","time":"2025-03-03T16:10:09.329+0300","caller":"logging/logger.go:55","msg":"Config downloaded..."}
{"level":"DEBUG","time":"2025-03-03T16:10:09.329+0300","caller":"logging/logger.go:50","msg":"Config Fields","cfg":{"DB":{"Host":"localhost","Port":"5432","User":"backend_user","Pwd":"backenf_user_pwd","Database":"backend","SSLMode":"disable"},"App":{"PrefectApiUrl":"https://prefect.ons.vita.local/api","StageStatusQueryTimeout":1,"NumWorkers":5}}}
{"level":"INFO","time":"2025-03-03T16:10:09.331+0300","caller":"logging/logger.go:55","msg":"Connected to the database successfully"}
{"level":"INFO","time":"2025-03-03T16:10:09.402+0300","caller":"persistence/db.go:52","msg":"Database migration completed successfully"}
{"level":"INFO","time":"2025-03-03T16:10:09.402+0300","caller":"logging/logger.go:55","msg":"Server is running on port: 8081"}
{"level":"INFO","time":"2025-03-03T16:10:13.718+0300","caller":"logging/logger.go:55","msg":"[Stage controller] Delete stage request"}
{"level":"INFO","time":"2025-03-03T16:21:20.578+0300","caller":"logging/logger.go:55","msg":"Config downloaded..."}
{"level":"DEBUG","time":"2025-03-03T16:21:20.578+0300","caller":"logging/logger.go:50","msg":"Config Fields","cfg":{"DB":{"Host":"localhost","Port":"5432","User":"backend_user","Pwd":"backenf_user_pwd","Database":"backend","SSLMode":"disable"},"App":{"PrefectApiUrl":"https://prefect.ons.vita.local/api","StageStatusQueryTimeout":1,"NumWorkers":5}}}
{"level":"INFO","time":"2025-03-03T16:21:20.581+0300","caller":"logging/logger.go:55","msg":"Connected to the database successfully"}
{"level":"INFO","time":"2025-03-03T16:21:20.652+0300","caller":"persistence/db.go:52","msg":"Database migration completed successfully"}
{"level":"INFO","time":"2025-03-03T16:21:20.652+0300","caller":"logging/logger.go:55","msg":"Server is running on port: 8081"}
{"level":"INFO","time":"2025-03-03T16:21:24.527+0300","caller":"logging/logger.go:55","msg":"[Stage controller] Delete stage request"}
{"level":"INFO","time":"2025-03-03T16:21:24.529+0300","caller":"logging/logger.go:55","msg":"Get substages for the stage","stage_id":3}
{"level":"INFO","time":"2025-03-03T16:30:52.841+0300","caller":"logging/logger.go:55","msg":"Config downloaded..."}
{"level":"DEBUG","time":"2025-03-03T16:30:52.841+0300","caller":"logging/logger.go:50","msg":"Config Fields","cfg":{"DB":{"Host":"localhost","Port":"5432","User":"backend_user","Pwd":"backenf_user_pwd","Database":"backend","SSLMode":"disable"},"App":{"PrefectApiUrl":"https://prefect.ons.vita.local/api","StageStatusQueryTimeout":1,"NumWorkers":5}}}
{"level":"INFO","time":"2025-03-03T16:30:52.844+0300","caller":"logging/logger.go:55","msg":"Connected to the database successfully"}
{"level":"INFO","time":"2025-03-03T16:30:52.921+0300","caller":"persistence/db.go:52","msg":"Database migration completed successfully"}
{"level":"INFO","time":"2025-03-03T16:30:52.922+0300","caller":"logging/logger.go:55","msg":"Server is running on port: 8081"}
{"level":"INFO","time":"2025-03-03T16:35:33.815+0300","caller":"logging/logger.go:55","msg":"Config downloaded..."}
{"level":"DEBUG","time":"2025-03-03T16:35:33.815+0300","caller":"logging/logger.go:50","msg":"Config Fields","cfg":{"DB":{"Host":"localhost","Port":"5432","User":"backend_user","Pwd":"backenf_user_pwd","Database":"backend","SSLMode":"disable"},"App":{"PrefectApiUrl":"https://prefect.ons.vita.local/api","StageStatusQueryTimeout":1,"NumWorkers":5}}}
{"level":"INFO","time":"2025-03-03T16:35:33.818+0300","caller":"logging/logger.go:55","msg":"Connected to the database successfully"}
{"level":"INFO","time":"2025-03-03T16:35:33.887+0300","caller":"persistence/db.go:52","msg":"Database migration completed successfully"}
{"level":"INFO","time":"2025-03-03T16:35:33.887+0300","caller":"logging/logger.go:55","msg":"Server is running on port: 8081"}
{"level":"INFO","time":"2025-03-03T16:35:42.784+0300","caller":"logging/logger.go:55","msg":"Config downloaded..."}
{"level":"DEBUG","time":"2025-03-03T16:35:42.784+0300","caller":"logging/logger.go:50","msg":"Config Fields","cfg":{"DB":{"Host":"localhost","Port":"5432","User":"backend_user","Pwd":"backenf_user_pwd","Database":"backend","SSLMode":"disable"},"App":{"PrefectApiUrl":"https://prefect.ons.vita.local/api","StageStatusQueryTimeout":1,"NumWorkers":5}}}
{"level":"INFO","time":"2025-03-03T16:35:42.786+0300","caller":"logging/logger.go:55","msg":"Connected to the database successfully"}
{"level":"INFO","time":"2025-03-03T16:35:42.867+0300","caller":"persistence/db.go:52","msg":"Database migration completed successfully"}
{"level":"INFO","time":"2025-03-03T16:35:42.867+0300","caller":"logging/logger.go:55","msg":"Server is running on port: 8081"}
{"level":"INFO","time":"2025-03-03T16:38:00.041+0300","caller":"logging/logger.go:55","msg":"Config downloaded..."}
{"level":"DEBUG","time":"2025-03-03T16:38:00.041+0300","caller":"logging/logger.go:50","msg":"Config Fields","cfg":{"DB":{"Host":"localhost","Port":"5432","User":"backend_user","Pwd":"backenf_user_pwd","Database":"backend","SSLMode":"disable"},"App":{"PrefectApiUrl":"https://prefect.ons.vita.local/api","StageStatusQueryTimeout":1,"NumWorkers":5}}}
{"level":"INFO","time":"2025-03-03T16:38:00.044+0300","caller":"logging/logger.go:55","msg":"Connected to the database successfully"}
{"level":"INFO","time":"2025-03-03T16:38:00.127+0300","caller":"persistence/db.go:52","msg":"Database migration completed successfully"}
{"level":"INFO","time":"2025-03-03T16:38:00.127+0300","caller":"logging/logger.go:55","msg":"Server is running on port: 8081"}
{"level":"INFO","time":"2025-03-03T16:39:04.769+0300","caller":"logging/logger.go:55","msg":"Config downloaded..."}
{"level":"DEBUG","time":"2025-03-03T16:39:04.769+0300","caller":"logging/logger.go:50","msg":"Config Fields","cfg":{"DB":{"Host":"localhost","Port":"5432","User":"backend_user","Pwd":"backenf_user_pwd","Database":"backend","SSLMode":"disable"},"App":{"PrefectApiUrl":"https://prefect.ons.vita.local/api","StageStatusQueryTimeout":1,"NumWorkers":5}}}
{"level":"INFO","time":"2025-03-03T16:39:04.772+0300","caller":"logging/logger.go:55","msg":"Connected to the database successfully"}
{"level":"INFO","time":"2025-03-03T16:39:04.842+0300","caller":"persistence/db.go:52","msg":"Database migration completed successfully"}
{"level":"INFO","time":"2025-03-03T16:39:04.842+0300","caller":"logging/logger.go:55","msg":"Server is running on port: 8081"}
{"level":"INFO","time":"2025-03-03T16:40:03.539+0300","caller":"logging/logger.go:55","msg":"Config downloaded..."}
{"level":"DEBUG","time":"2025-03-03T16:40:03.539+0300","caller":"logging/logger.go:50","msg":"Config Fields","cfg":{"DB":{"Host":"localhost","Port":"5432","User":"backend_user","Pwd":"backenf_user_pwd","Database":"backend","SSLMode":"disable"},"App":{"PrefectApiUrl":"https://prefect.ons.vita.local/api","StageStatusQueryTimeout":1,"NumWorkers":5}}}
{"level":"INFO","time":"2025-03-03T16:40:03.542+0300","caller":"logging/logger.go:55","msg":"Connected to the database successfully"}
{"level":"INFO","time":"2025-03-03T16:40:03.609+0300","caller":"persistence/db.go:52","msg":"Database migration completed successfully"}
{"level":"INFO","time":"2025-03-03T16:40:03.610+0300","caller":"logging/logger.go:55","msg":"Server is running on port: 8081"}
{"level":"INFO","time":"2025-03-03T16:40:40.070+0300","caller":"logging/logger.go:55","msg":"Config downloaded..."}
{"level":"DEBUG","time":"2025-03-03T16:40:40.070+0300","caller":"logging/logger.go:50","msg":"Config Fields","cfg":{"DB":{"Host":"localhost","Port":"5432","User":"backend_user","Pwd":"backenf_user_pwd","Database":"backend","SSLMode":"disable"},"App":{"PrefectApiUrl":"https://prefect.ons.vita.local/api","StageStatusQueryTimeout":1,"NumWorkers":5}}}
{"level":"INFO","time":"2025-03-03T16:40:40.073+0300","caller":"logging/logger.go:55","msg":"Connected to the database successfully"}
{"level":"INFO","time":"2025-03-03T16:40:40.146+0300","caller":"persistence/db.go:52","msg":"Database migration completed successfully"}
{"level":"INFO","time":"2025-03-03T16:40:40.146+0300","caller":"logging/logger.go:55","msg":"Server is running on port: 8081"}
{"level":"INFO","time":"2025-03-03T16:40:51.256+0300","caller":"logging/logger.go:55","msg":"[Sendpost controller] Delete sendpost request"}
{"level":"INFO","time":"2025-03-03T16:44:01.448+0300","caller":"logging/logger.go:55","msg":"[Sendpost controller] Delete sendpost request"}
{"level":"INFO","time":"2025-03-03T16:45:31.055+0300","caller":"logging/logger.go:55","msg":"Config downloaded..."}
{"level":"DEBUG","time":"2025-03-03T16:45:31.055+0300","caller":"logging/logger.go:50","msg":"Config Fields","cfg":{"DB":{"Host":"localhost","Port":"5432","User":"backend_user","Pwd":"backenf_user_pwd","Database":"backend","SSLMode":"disable"},"App":{"PrefectApiUrl":"https://prefect.ons.vita.local/api","StageStatusQueryTimeout":1,"NumWorkers":5}}}
{"level":"INFO","time":"2025-03-03T16:45:31.058+0300","caller":"logging/logger.go:55","msg":"Connected to the database successfully"}
{"level":"INFO","time":"2025-03-03T16:45:31.132+0300","caller":"persistence/db.go:52","msg":"Database migration completed successfully"}
{"level":"INFO","time":"2025-03-03T16:45:31.132+0300","caller":"logging/logger.go:55","msg":"Server is running on port: 8081"}
{"level":"INFO","time":"2025-03-03T16:45:33.970+0300","caller":"logging/logger.go:55","msg":"[Sendpost controller] Delete sendpost request"}
{"level":"INFO","time":"2025-03-03T16:48:48.942+0300","caller":"logging/logger.go:55","msg":"Config downloaded..."}
{"level":"DEBUG","time":"2025-03-03T16:48:48.942+0300","caller":"logging/logger.go:50","msg":"Config Fields","cfg":{"DB":{"Host":"localhost","Port":"5432","User":"backend_user","Pwd":"backenf_user_pwd","Database":"backend","SSLMode":"disable"},"App":{"PrefectApiUrl":"https://prefect.ons.vita.local/api","StageStatusQueryTimeout":1,"NumWorkers":5}}}
{"level":"INFO","time":"2025-03-03T16:48:48.947+0300","caller":"logging/logger.go:55","msg":"Connected to the database successfully"}
{"level":"INFO","time":"2025-03-03T16:48:49.023+0300","caller":"persistence/db.go:52","msg":"Database migration completed successfully"}
{"level":"INFO","time":"2025-03-03T16:48:49.023+0300","caller":"logging/logger.go:55","msg":"Server is running on port: 8081"}
{"level":"INFO","time":"2025-03-03T16:49:14.632+0300","caller":"logging/logger.go:55","msg":"Config downloaded..."}
{"level":"DEBUG","time":"2025-03-03T16:49:14.632+0300","caller":"logging/logger.go:50","msg":"Config Fields","cfg":{"DB":{"Host":"localhost","Port":"5432","User":"backend_user","Pwd":"backenf_user_pwd","Database":"backend","SSLMode":"disable"},"App":{"PrefectApiUrl":"https://prefect.ons.vita.local/api","StageStatusQueryTimeout":1,"NumWorkers":5}}}
{"level":"INFO","time":"2025-03-03T16:49:14.635+0300","caller":"logging/logger.go:55","msg":"Connected to the database successfully"}
{"level":"INFO","time":"2025-03-03T16:49:14.708+0300","caller":"persistence/db.go:52","msg":"Database migration completed successfully"}
{"level":"INFO","time":"2025-03-03T16:49:14.708+0300","caller":"logging/logger.go:55","msg":"Server is running on port: 8081"}
{"level":"INFO","time":"2025-03-03T16:49:31.249+0300","caller":"logging/logger.go:55","msg":"[Sendpost controller] Delete sendpost request"}
{"level":"INFO","time":"2025-03-03T16:51:26.466+0300","caller":"logging/logger.go:55","msg":"[Sendpost controller] Get sendposts request"}
{"level":"DEBUG","time":"2025-03-03T16:51:26.469+0300","caller":"logging/logger.go:50","msg":"debug GetSendposts","sendposts":[]}
{"level":"INFO","time":"2025-03-03T17:43:31.204+0300","caller":"logging/logger.go:55","msg":"Config downloaded..."}
{"level":"DEBUG","time":"2025-03-03T17:43:31.205+0300","caller":"logging/logger.go:50","msg":"Config Fields","cfg":{"DB":{"Host":"localhost","Port":"5432","User":"backend_user","Pwd":"backenf_user_pwd","Database":"backend","SSLMode":"disable"},"App":{"PrefectApiUrl":"https://prefect.ons.vita.local/api","StageStatusQueryTimeout":1,"NumWorkers":5}}}
{"level":"INFO","time":"2025-03-03T17:43:31.207+0300","caller":"logging/logger.go:55","msg":"Connected to the database successfully"}
{"level":"INFO","time":"2025-03-03T17:43:31.275+0300","caller":"persistence/db.go:52","msg":"Database migration completed successfully"}
{"level":"INFO","time":"2025-03-03T17:43:31.275+0300","caller":"logging/logger.go:55","msg":"Server is running on port: 8081"}
{"level":"INFO","time":"2025-03-03T17:43:43.590+0300","caller":"logging/logger.go:55","msg":"Config downloaded..."}
{"level":"DEBUG","time":"2025-03-03T17:43:43.590+0300","caller":"logging/logger.go:50","msg":"Config Fields","cfg":{"DB":{"Host":"localhost","Port":"5432","User":"backend_user","Pwd":"backenf_user_pwd","Database":"backend","SSLMode":"disable"},"App":{"PrefectApiUrl":"https://prefect.ons.vita.local/api","StageStatusQueryTimeout":1,"NumWorkers":5}}}
{"level":"INFO","time":"2025-03-03T17:43:43.593+0300","caller":"logging/logger.go:55","msg":"Connected to the database successfully"}
{"level":"INFO","time":"2025-03-03T17:43:43.664+0300","caller":"persistence/db.go:52","msg":"Database migration completed successfully"}
{"level":"INFO","time":"2025-03-03T17:43:43.665+0300","caller":"logging/logger.go:55","msg":"Server is running on port: 8081"}
{"level":"INFO","time":"2025-03-03T17:47:40.441+0300","caller":"logging/logger.go:55","msg":"[Sendpost controller] Create sendpost request"}
{"level":"INFO","time":"2025-03-03T17:47:52.427+0300","caller":"logging/logger.go:55","msg":"[Sendpost controller] Get sendposts request"}
{"level":"DEBUG","time":"2025-03-03T17:47:52.429+0300","caller":"logging/logger.go:50","msg":"debug GetSendposts","sendposts":[{"ID":2,"CreatedAt":"2025-03-03T17:47:40.443222+03:00","UpdatedAt":"2025-03-03T17:47:40.443222+03:00","DeletedAt":null,"SendpostName":"test","IsTemplate":false,"FirstStageID":null,"FirstStage":null,"State":"NEVERRUNNING"}]}
{"level":"INFO","time":"2025-03-03T17:53:52.704+0300","caller":"logging/logger.go:55","msg":"Config downloaded..."}
{"level":"DEBUG","time":"2025-03-03T17:53:52.704+0300","caller":"logging/logger.go:50","msg":"Config Fields","cfg":{"DB":{"Host":"localhost","Port":"5432","User":"backend_user","Pwd":"backenf_user_pwd","Database":"backend","SSLMode":"disable"},"App":{"PrefectApiUrl":"https://prefect.ons.vita.local/api","StageStatusQueryTimeout":1,"NumWorkers":5}}}
{"level":"INFO","time":"2025-03-03T17:53:52.707+0300","caller":"logging/logger.go:55","msg":"Connected to the database successfully"}
{"level":"INFO","time":"2025-03-03T17:53:52.778+0300","caller":"persistence/db.go:52","msg":"Database migration completed successfully"}
{"level":"INFO","time":"2025-03-03T17:53:52.778+0300","caller":"logging/logger.go:55","msg":"Server is running on port: 8081"}
{"level":"INFO","time":"2025-03-03T17:56:15.940+0300","caller":"logging/logger.go:55","msg":"Config downloaded..."}
{"level":"DEBUG","time":"2025-03-03T17:56:15.940+0300","caller":"logging/logger.go:50","msg":"Config Fields","cfg":{"DB":{"Host":"localhost","Port":"5432","User":"backend_user","Pwd":"backenf_user_pwd","Database":"backend","SSLMode":"disable"},"App":{"PrefectApiUrl":"https://prefect.ons.vita.local/api","StageStatusQueryTimeout":1,"NumWorkers":5}}}
{"level":"INFO","time":"2025-03-03T17:56:15.942+0300","caller":"logging/logger.go:55","msg":"Connected to the database successfully"}
{"level":"INFO","time":"2025-03-03T17:56:16.017+0300","caller":"persistence/db.go:52","msg":"Database migration completed successfully"}
{"level":"INFO","time":"2025-03-03T17:56:16.017+0300","caller":"logging/logger.go:55","msg":"Server is running on port: 8081"}
{"level":"INFO","time":"2025-03-03T17:56:36.247+0300","caller":"logging/logger.go:55","msg":"[Sendpost controller] Create sendpost request"}
{"level":"INFO","time":"2025-03-03T17:56:42.337+0300","caller":"logging/logger.go:55","msg":"[Sendpost controller] Get sendposts request"}
{"level":"DEBUG","time":"2025-03-03T17:56:42.340+0300","caller":"logging/logger.go:50","msg":"debug GetSendposts","sendposts":[{"ID":2,"CreatedAt":"2025-03-03T17:47:40.443222+03:00","UpdatedAt":"2025-03-03T17:47:40.443222+03:00","DeletedAt":null,"SendpostName":"test","IsTemplate":false,"FirstStageID":null,"FirstStage":null,"State":"NEVERRUNNING"},{"ID":3,"CreatedAt":"2025-03-03T17:56:36.248877+03:00","UpdatedAt":"2025-03-03T17:56:36.248877+03:00","DeletedAt":null,"SendpostName":"test_template","IsTemplate":true,"FirstStageID":null,"FirstStage":null,"State":"NEVERRUNNING"}]}
{"level":"INFO","time":"2025-03-03T17:57:34.043+0300","caller":"logging/logger.go:55","msg":"Config downloaded..."}
{"level":"DEBUG","time":"2025-03-03T17:57:34.043+0300","caller":"logging/logger.go:50","msg":"Config Fields","cfg":{"DB":{"Host":"localhost","Port":"5432","User":"backend_user","Pwd":"backenf_user_pwd","Database":"backend","SSLMode":"disable"},"App":{"PrefectApiUrl":"https://prefect.ons.vita.local/api","StageStatusQueryTimeout":1,"NumWorkers":5}}}
{"level":"INFO","time":"2025-03-03T17:57:34.047+0300","caller":"logging/logger.go:55","msg":"Connected to the database successfully"}
{"level":"INFO","time":"2025-03-03T17:57:34.116+0300","caller":"persistence/db.go:52","msg":"Database migration completed successfully"}
{"level":"INFO","time":"2025-03-03T17:57:34.116+0300","caller":"logging/logger.go:55","msg":"Server is running on port: 8081"}
{"level":"INFO","time":"2025-03-03T17:57:47.322+0300","caller":"logging/logger.go:55","msg":"[Sendpost controller] Delete sendpost request"}
{"level":"DEBUG","time":"2025-03-03T17:57:47.329+0300","caller":"logging/logger.go:50","msg":"Sendpost stages","stages":[]}
{"level":"INFO","time":"2025-03-03T17:57:48.419+0300","caller":"logging/logger.go:55","msg":"[Sendpost controller] Delete sendpost request"}
{"level":"DEBUG","time":"2025-03-03T17:57:48.421+0300","caller":"logging/logger.go:50","msg":"Sendpost stages","stages":[]}
{"level":"INFO","time":"2025-03-03T17:58:02.543+0300","caller":"logging/logger.go:55","msg":"[Sendpost controller] Create sendpost request"}
{"level":"INFO","time":"2025-03-03T17:58:06.591+0300","caller":"logging/logger.go:55","msg":"[Sendpost controller] Get sendposts request"}
{"level":"DEBUG","time":"2025-03-03T17:58:06.592+0300","caller":"logging/logger.go:50","msg":"debug GetSendposts","sendposts":[{"ID":2,"CreatedAt":"2025-03-03T17:47:40.443222+03:00","UpdatedAt":"2025-03-03T17:47:40.443222+03:00","DeletedAt":null,"SendpostName":"test","IsTemplate":false,"FirstStageID":null,"FirstStage":null,"State":"NEVERRUNNING"},{"ID":4,"CreatedAt":"2025-03-03T17:58:02.545062+03:00","UpdatedAt":"2025-03-03T17:58:02.545062+03:00","DeletedAt":null,"SendpostName":"test_template","IsTemplate":true,"FirstStageID":null,"FirstStage":null,"State":"NEVERRUNNING"}]}
{"level":"INFO","time":"2025-03-03T17:58:17.462+0300","caller":"logging/logger.go:55","msg":"[Sendpost controller] Get sendpost request"}
{"level":"DEBUG","time":"2025-03-03T17:58:17.464+0300","caller":"logging/logger.go:50","msg":"debug GetSendpostByID","sendpost_id":4,"sendpost":{"ID":4,"CreatedAt":"2025-03-03T17:58:02.545062+03:00","UpdatedAt":"2025-03-03T17:58:02.545062+03:00","DeletedAt":null,"SendpostName":"test_template","IsTemplate":true,"FirstStageID":null,"FirstStage":null,"State":"NEVERRUNNING"}}
{"level":"INFO","time":"2025-03-03T17:58:37.552+0300","caller":"logging/logger.go:55","msg":"[Sendpost controller] Update sendpost request"}
{"level":"DEBUG","time":"2025-03-03T17:58:37.553+0300","caller":"logging/logger.go:50","msg":"debug GetSendpostByID","sendpost_id":4,"sendpost":{"ID":4,"CreatedAt":"2025-03-03T17:58:02.545062+03:00","UpdatedAt":"2025-03-03T17:58:02.545062+03:00","DeletedAt":null,"SendpostName":"test_template","IsTemplate":true,"FirstStageID":null,"FirstStage":null,"State":"NEVERRUNNING"}}
{"level":"INFO","time":"2025-03-03T17:59:12.230+0300","caller":"logging/logger.go:55","msg":"[Stage controller] Add stage to sendpost request"}
{"level":"INFO","time":"2025-03-03T17:59:19.140+0300","caller":"logging/logger.go:55","msg":"[Stage controller] Add stage to sendpost request"}
{"level":"INFO","time":"2025-03-03T18:00:13.591+0300","caller":"logging/logger.go:55","msg":"Config downloaded..."}
{"level":"DEBUG","time":"2025-03-03T18:00:13.591+0300","caller":"logging/logger.go:50","msg":"Config Fields","cfg":{"DB":{"Host":"localhost","Port":"5432","User":"backend_user","Pwd":"backenf_user_pwd","Database":"backend","SSLMode":"disable"},"App":{"PrefectApiUrl":"https://prefect.ons.vita.local/api","StageStatusQueryTimeout":1,"NumWorkers":5}}}
{"level":"INFO","time":"2025-03-03T18:00:13.594+0300","caller":"logging/logger.go:55","msg":"Connected to the database successfully"}
{"level":"INFO","time":"2025-03-03T18:00:13.667+0300","caller":"persistence/db.go:52","msg":"Database migration completed successfully"}
{"level":"INFO","time":"2025-03-03T18:00:13.667+0300","caller":"logging/logger.go:55","msg":"Server is running on port: 8081"}
{"level":"INFO","time":"2025-03-03T18:00:47.471+0300","caller":"logging/logger.go:55","msg":"[Stage controller] Add stage to sendpost request"}
{"level":"INFO","time":"2025-03-03T18:04:02.605+0300","caller":"logging/logger.go:55","msg":"Config downloaded..."}
{"level":"DEBUG","time":"2025-03-03T18:04:02.606+0300","caller":"logging/logger.go:50","msg":"Config Fields","cfg":{"DB":{"Host":"localhost","Port":"5432","User":"backend_user","Pwd":"backenf_user_pwd","Database":"backend","SSLMode":"disable"},"App":{"PrefectApiUrl":"https://prefect.ons.vita.local/api","StageStatusQueryTimeout":1,"NumWorkers":5}}}
{"level":"INFO","time":"2025-03-03T18:04:02.608+0300","caller":"logging/logger.go:55","msg":"Connected to the database successfully"}
{"level":"INFO","time":"2025-03-03T18:04:02.676+0300","caller":"persistence/db.go:52","msg":"Database migration completed successfully"}
{"level":"INFO","time":"2025-03-03T18:04:02.676+0300","caller":"logging/logger.go:55","msg":"Server is running on port: 8081"}
{"level":"INFO","time":"2025-03-03T18:04:17.459+0300","caller":"logging/logger.go:55","msg":"[Stage controller] Add stage to sendpost request"}
{"level":"DEBUG","time":"2025-03-03T18:04:17.463+0300","caller":"logging/logger.go:50","msg":"Sendpost first stage","stage":{"ID":6,"CreatedAt":"2025-03-03T17:59:12.231871+03:00","UpdatedAt":"2025-03-03T17:59:12.231871+03:00","DeletedAt":null,"SendpostID":4,"Sendpost":null,"State":"NEVERRUNNING","Type":"SEQUENTIAL","DeploymnentID":"1","FlowRunID":null,"StageParameters":null,"NextStageID":null,"NextStage":null,"ParentStageID":null,"SubStages":null,"IsBlocked":false}}
{"level":"DEBUG","time":"2025-03-03T18:04:17.464+0300","caller":"logging/logger.go:50","msg":"debug GetSendpostByID","sendpost_id":4,"sendpost":{"ID":4,"CreatedAt":"2025-03-03T17:58:02.545062+03:00","UpdatedAt":"2025-03-03T17:58:37.554498+03:00","DeletedAt":null,"SendpostName":"new_name","IsTemplate":true,"FirstStageID":null,"FirstStage":null,"State":"NEVERRUNNING"}}
{"level":"INFO","time":"2025-03-03T18:05:13.885+0300","caller":"logging/logger.go:55","msg":"[Sendpost controller] Delete sendpost request"}
{"level":"DEBUG","time":"2025-03-03T18:05:13.887+0300","caller":"logging/logger.go:50","msg":"Sendpost stages","stages":[{"ID":6,"CreatedAt":"2025-03-03T17:59:12.231871+03:00","UpdatedAt":"2025-03-03T17:59:12.231871+03:00","DeletedAt":null,"SendpostID":4,"Sendpost":null,"State":"NEVERRUNNING","Type":"SEQUENTIAL","DeploymnentID":"1","FlowRunID":null,"StageParameters":null,"NextStageID":null,"NextStage":null,"ParentStageID":null,"SubStages":null,"IsBlocked":false},{"ID":7,"CreatedAt":"2025-03-03T17:59:19.141818+03:00","UpdatedAt":"2025-03-03T17:59:19.141818+03:00","DeletedAt":null,"SendpostID":4,"Sendpost":null,"State":"NEVERRUNNING","Type":"SEQUENTIAL","DeploymnentID":"1","FlowRunID":null,"StageParameters":null,"NextStageID":null,"NextStage":null,"ParentStageID":null,"SubStages":null,"IsBlocked":false},{"ID":8,"CreatedAt":"2025-03-03T18:00:47.472393+03:00","UpdatedAt":"2025-03-03T18:00:47.472393+03:00","DeletedAt":null,"SendpostID":4,"Sendpost":null,"State":"NEVERRUNNING","Type":"SEQUENTIAL","DeploymnentID":"1","FlowRunID":null,"StageParameters":null,"NextStageID":null,"NextStage":null,"ParentStageID":null,"SubStages":null,"IsBlocked":false},{"ID":9,"CreatedAt":"2025-03-03T18:04:17.460365+03:00","UpdatedAt":"2025-03-03T18:04:17.466985+03:00","DeletedAt":null,"SendpostID":4,"Sendpost":null,"State":"NEVERRUNNING","Type":"SEQUENTIAL","DeploymnentID":"1","FlowRunID":null,"StageParameters":null,"NextStageID":6,"NextStage":null,"ParentStageID":null,"SubStages":null,"IsBlocked":false}]}
{"level":"INFO","time":"2025-03-03T18:05:38.401+0300","caller":"logging/logger.go:55","msg":"[Stage controller] Add stage to sendpost request"}
{"level":"DEBUG","time":"2025-03-03T18:05:38.406+0300","caller":"logging/logger.go:50","msg":"Sendpost first stage","stage":{"ID":10,"CreatedAt":"2025-03-03T18:05:38.402577+03:00","UpdatedAt":"2025-03-03T18:05:38.402577+03:00","DeletedAt":null,"SendpostID":2,"Sendpost":null,"State":"NEVERRUNNING","Type":"SEQUENTIAL","DeploymnentID":"1","FlowRunID":null,"StageParameters":null,"NextStageID":null,"NextStage":null,"ParentStageID":null,"SubStages":null,"IsBlocked":false}}
{"level":"DEBUG","time":"2025-03-03T18:05:38.406+0300","caller":"logging/logger.go:50","msg":"debug GetSendpostByID","sendpost_id":2,"sendpost":{"ID":2,"CreatedAt":"2025-03-03T17:47:40.443222+03:00","UpdatedAt":"2025-03-03T17:47:40.443222+03:00","DeletedAt":null,"SendpostName":"test","IsTemplate":false,"FirstStageID":null,"FirstStage":null,"State":"NEVERRUNNING"}}
{"level":"INFO","time":"2025-03-03T18:10:50.624+0300","caller":"logging/logger.go:55","msg":"[Stage controller] Add stage to sendpost request"}
{"level":"DEBUG","time":"2025-03-03T18:10:50.628+0300","caller":"logging/logger.go:50","msg":"Sendpost first stage","stage":{"ID":11,"CreatedAt":"2025-03-03T18:10:50.625386+03:00","UpdatedAt":"2025-03-03T18:10:50.625386+03:00","DeletedAt":null,"SendpostID":2,"Sendpost":null,"State":"NEVERRUNNING","Type":"SEQUENTIAL","DeploymnentID":"1","FlowRunID":null,"StageParameters":null,"NextStageID":null,"NextStage":null,"ParentStageID":null,"SubStages":null,"IsBlocked":false}}
{"level":"DEBUG","time":"2025-03-03T18:10:50.628+0300","caller":"logging/logger.go:50","msg":"debug GetSendpostByID","sendpost_id":2,"sendpost":{"ID":2,"CreatedAt":"2025-03-03T17:47:40.443222+03:00","UpdatedAt":"2025-03-03T18:05:38.407263+03:00","DeletedAt":null,"SendpostName":"test","IsTemplate":false,"FirstStageID":10,"FirstStage":null,"State":"NEVERRUNNING"}}
{"level":"INFO","time":"2025-03-04T09:34:46.427+0300","caller":"logging/logger.go:55","msg":"Config downloaded..."}
{"level":"DEBUG","time":"2025-03-04T09:34:46.427+0300","caller":"logging/logger.go:50","msg":"Config Fields","cfg":{"DB":{"Host":"localhost","Port":"5432","User":"backend_user","Pwd":"backenf_user_pwd","Database":"backend","SSLMode":"disable"},"App":{"PrefectApiUrl":"https://prefect.ons.vita.local/api","StageStatusQueryTimeout":1,"NumWorkers":5}}}
{"level":"INFO","time":"2025-03-04T09:34:46.431+0300","caller":"logging/logger.go:55","msg":"Connected to the database successfully"}
{"level":"INFO","time":"2025-03-04T09:34:46.506+0300","caller":"persistence/db.go:52","msg":"Database migration completed successfully"}
{"level":"INFO","time":"2025-03-04T09:34:46.506+0300","caller":"logging/logger.go:55","msg":"Server is running on port: 8081"}
{"level":"INFO","time":"2025-03-04T09:35:45.911+0300","caller":"logging/logger.go:55","msg":"[Stage controller] Add stage to sendpost request"}
{"level":"WARN","time":"2025-03-04T09:35:45.915+0300","caller":"logging/logger.go:60","msg":"[Stage controller] Error AddStageToSendpost","error":"[StageService] error saving stage: ERROR: insert or update on table \"stages\" violates foreign key constraint \"fk_stages_sendpost\" (SQLSTATE 23503)"}
{"level":"INFO","time":"2025-03-04T09:36:05.201+0300","caller":"logging/logger.go:55","msg":"[Stage controller] Add stage to sendpost request"}
{"level":"WARN","time":"2025-03-04T09:36:05.204+0300","caller":"logging/logger.go:60","msg":"[Stage controller] Error AddStageToSendpost","error":"[StageService] error saving stage: ERROR: insert or update on table \"stages\" violates foreign key constraint \"fk_stages_sendpost\" (SQLSTATE 23503)"}
{"level":"INFO","time":"2025-03-04T09:37:46.586+0300","caller":"logging/logger.go:55","msg":"Config downloaded..."}
{"level":"DEBUG","time":"2025-03-04T09:37:46.586+0300","caller":"logging/logger.go:50","msg":"Config Fields","cfg":{"DB":{"Host":"localhost","Port":"5432","User":"backend_user","Pwd":"backenf_user_pwd","Database":"backend","SSLMode":"disable"},"App":{"PrefectApiUrl":"https://prefect.ons.vita.local/api","StageStatusQueryTimeout":1,"NumWorkers":5}}}
{"level":"INFO","time":"2025-03-04T09:37:46.590+0300","caller":"logging/logger.go:55","msg":"Connected to the database successfully"}
{"level":"ERROR","time":"2025-03-04T09:37:46.598+0300","caller":"logging/logger.go:65","msg":"Failed to migrate","err":"ERROR: relation \"sendposts\" does not exist (SQLSTATE 42P01)","stacktrace":"crm-uplift-ii24-backend/pkg/logging.Error\n\t/home/dmitry/go_projects/crm-uplift-ii24-app/backend/pkg/logging/logger.go:65\nmain.main\n\t/home/dmitry/go_projects/crm-uplift-ii24-app/backend/main.go:32\nruntime.main\n\t/snap/go/10853/src/runtime/proc.go:283"}
{"level":"INFO","time":"2025-03-04T09:37:46.599+0300","caller":"logging/logger.go:55","msg":"Server is running on port: 8081"}
{"level":"INFO","time":"2025-03-04T09:38:33.825+0300","caller":"logging/logger.go:55","msg":"Config downloaded..."}
{"level":"DEBUG","time":"2025-03-04T09:38:33.826+0300","caller":"logging/logger.go:50","msg":"Config Fields","cfg":{"DB":{"Host":"localhost","Port":"5432","User":"backend_user","Pwd":"backenf_user_pwd","Database":"backend","SSLMode":"disable"},"App":{"PrefectApiUrl":"https://prefect.ons.vita.local/api","StageStatusQueryTimeout":1,"NumWorkers":5}}}
{"level":"INFO","time":"2025-03-04T09:38:33.828+0300","caller":"logging/logger.go:55","msg":"Connected to the database successfully"}
{"level":"ERROR","time":"2025-03-04T09:38:33.836+0300","caller":"logging/logger.go:65","msg":"Failed to migrate","err":"ERROR: relation \"sendposts\" does not exist (SQLSTATE 42P01)","stacktrace":"crm-uplift-ii24-backend/pkg/logging.Error\n\t/home/dmitry/go_projects/crm-uplift-ii24-app/backend/pkg/logging/logger.go:65\nmain.main\n\t/home/dmitry/go_projects/crm-uplift-ii24-app/backend/main.go:32\nruntime.main\n\t/snap/go/10853/src/runtime/proc.go:283"}
{"level":"INFO","time":"2025-03-04T09:38:33.836+0300","caller":"logging/logger.go:55","msg":"Server is running on port: 8081"}
{"level":"INFO","time":"2025-03-04T09:39:45.522+0300","caller":"logging/logger.go:55","msg":"Config downloaded..."}
{"level":"DEBUG","time":"2025-03-04T09:39:45.523+0300","caller":"logging/logger.go:50","msg":"Config Fields","cfg":{"DB":{"Host":"localhost","Port":"5432","User":"backend_user","Pwd":"backenf_user_pwd","Database":"backend","SSLMode":"disable"},"App":{"PrefectApiUrl":"https://prefect.ons.vita.local/api","StageStatusQueryTimeout":1,"NumWorkers":5}}}
{"level":"INFO","time":"2025-03-04T09:39:45.525+0300","caller":"logging/logger.go:55","msg":"Connected to the database successfully"}
{"level":"ERROR","time":"2025-03-04T09:39:45.533+0300","caller":"logging/logger.go:65","msg":"Failed to migrate","err":"ERROR: relation \"sendposts\" does not exist (SQLSTATE 42P01)","stacktrace":"crm-uplift-ii24-backend/pkg/logging.Error\n\t/home/dmitry/go_projects/crm-uplift-ii24-app/backend/pkg/logging/logger.go:65\nmain.main\n\t/home/dmitry/go_projects/crm-uplift-ii24-app/backend/main.go:32\nruntime.main\n\t/snap/go/10853/src/runtime/proc.go:283"}
{"level":"INFO","time":"2025-03-04T09:39:45.533+0300","caller":"logging/logger.go:55","msg":"Server is running on port: 8081"}
{"level":"INFO","time":"2025-03-04T09:40:07.424+0300","caller":"logging/logger.go:55","msg":"Config downloaded..."}
{"level":"DEBUG","time":"2025-03-04T09:40:07.424+0300","caller":"logging/logger.go:50","msg":"Config Fields","cfg":{"DB":{"Host":"localhost","Port":"5432","User":"backend_user","Pwd":"backenf_user_pwd","Database":"backend","SSLMode":"disable"},"App":{"PrefectApiUrl":"https://prefect.ons.vita.local/api","StageStatusQueryTimeout":1,"NumWorkers":5}}}
{"level":"INFO","time":"2025-03-04T09:40:07.427+0300","caller":"logging/logger.go:55","msg":"Connected to the database successfully"}
{"level":"ERROR","time":"2025-03-04T09:40:07.436+0300","caller":"logging/logger.go:65","msg":"Failed to migrate","err":"ERROR: relation \"sendposts\" does not exist (SQLSTATE 42P01)","stacktrace":"crm-uplift-ii24-backend/pkg/logging.Error\n\t/home/dmitry/go_projects/crm-uplift-ii24-app/backend/pkg/logging/logger.go:65\nmain.main\n\t/home/dmitry/go_projects/crm-uplift-ii24-app/backend/main.go:32\nruntime.main\n\t/snap/go/10853/src/runtime/proc.go:283"}
{"level":"INFO","time":"2025-03-04T09:40:07.436+0300","caller":"logging/logger.go:55","msg":"Server is running on port: 8081"}
{"level":"INFO","time":"2025-03-04T09:41:39.284+0300","caller":"logging/logger.go:55","msg":"Config downloaded..."}
{"level":"DEBUG","time":"2025-03-04T09:41:39.284+0300","caller":"logging/logger.go:50","msg":"Config Fields","cfg":{"DB":{"Host":"localhost","Port":"5432","User":"backend_user","Pwd":"backenf_user_pwd","Database":"backend","SSLMode":"disable"},"App":{"PrefectApiUrl":"https://prefect.ons.vita.local/api","StageStatusQueryTimeout":1,"NumWorkers":5}}}
{"level":"INFO","time":"2025-03-04T09:41:39.287+0300","caller":"logging/logger.go:55","msg":"Connected to the database successfully"}
{"level":"ERROR","time":"2025-03-04T09:41:39.294+0300","caller":"logging/logger.go:65","msg":"Failed to migrate","err":"ERROR: relation \"stages\" does not exist (SQLSTATE 42P01)","stacktrace":"crm-uplift-ii24-backend/pkg/logging.Error\n\t/home/dmitry/go_projects/crm-uplift-ii24-app/backend/pkg/logging/logger.go:65\nmain.main\n\t/home/dmitry/go_projects/crm-uplift-ii24-app/backend/main.go:32\nruntime.main\n\t/snap/go/10853/src/runtime/proc.go:283"}
{"level":"INFO","time":"2025-03-04T09:41:39.294+0300","caller":"logging/logger.go:55","msg":"Server is running on port: 8081"}
{"level":"INFO","time":"2025-03-04T09:48:36.089+0300","caller":"logging/logger.go:55","msg":"Config downloaded..."}
{"level":"DEBUG","time":"2025-03-04T09:48:36.090+0300","caller":"logging/logger.go:50","msg":"Config Fields","cfg":{"DB":{"Host":"localhost","Port":"5432","User":"backend_user","Pwd":"backenf_user_pwd","Database":"backend","SSLMode":"disable"},"App":{"PrefectApiUrl":"https://prefect.ons.vita.local/api","StageStatusQueryTimeout":1,"NumWorkers":5}}}
{"level":"INFO","time":"2025-03-04T09:48:36.092+0300","caller":"logging/logger.go:55","msg":"Connected to the database successfully"}
{"level":"ERROR","time":"2025-03-04T09:48:36.100+0300","caller":"logging/logger.go:65","msg":"Failed to migrate","err":"ERROR: relation \"stages\" does not exist (SQLSTATE 42P01)","stacktrace":"crm-uplift-ii24-backend/pkg/logging.Error\n\t/home/dmitry/go_projects/crm-uplift-ii24-app/backend/pkg/logging/logger.go:65\nmain.main\n\t/home/dmitry/go_projects/crm-uplift-ii24-app/backend/main.go:32\nruntime.main\n\t/snap/go/10853/src/runtime/proc.go:283"}
{"level":"INFO","time":"2025-03-04T09:48:36.100+0300","caller":"logging/logger.go:55","msg":"Server is running on port: 8081"}
{"level":"INFO","time":"2025-03-04T09:48:54.114+0300","caller":"logging/logger.go:55","msg":"Config downloaded..."}
{"level":"DEBUG","time":"2025-03-04T09:48:54.114+0300","caller":"logging/logger.go:50","msg":"Config Fields","cfg":{"DB":{"Host":"localhost","Port":"5432","User":"backend_user","Pwd":"backenf_user_pwd","Database":"backend","SSLMode":"disable"},"App":{"PrefectApiUrl":"https://prefect.ons.vita.local/api","StageStatusQueryTimeout":1,"NumWorkers":5}}}
{"level":"INFO","time":"2025-03-04T09:48:54.118+0300","caller":"logging/logger.go:55","msg":"Connected to the database successfully"}
{"level":"ERROR","time":"2025-03-04T09:48:54.127+0300","caller":"logging/logger.go:65","msg":"Failed to migrate","err":"ERROR: relation \"sendposts\" does not exist (SQLSTATE 42P01)","stacktrace":"crm-uplift-ii24-backend/pkg/logging.Error\n\t/home/dmitry/go_projects/crm-uplift-ii24-app/backend/pkg/logging/logger.go:65\nmain.main\n\t/home/dmitry/go_projects/crm-uplift-ii24-app/backend/main.go:32\nruntime.main\n\t/snap/go/10853/src/runtime/proc.go:283"}
{"level":"INFO","time":"2025-03-04T09:48:54.127+0300","caller":"logging/logger.go:55","msg":"Server is running on port: 8081"}
{"level":"INFO","time":"2025-03-04T09:49:27.778+0300","caller":"logging/logger.go:55","msg":"Config downloaded..."}
{"level":"DEBUG","time":"2025-03-04T09:49:27.778+0300","caller":"logging/logger.go:50","msg":"Config Fields","cfg":{"DB":{"Host":"localhost","Port":"5432","User":"backend_user","Pwd":"backenf_user_pwd","Database":"backend","SSLMode":"disable"},"App":{"PrefectApiUrl":"https://prefect.ons.vita.local/api","StageStatusQueryTimeout":1,"NumWorkers":5}}}
{"level":"INFO","time":"2025-03-04T09:49:27.781+0300","caller":"logging/logger.go:55","msg":"Connected to the database successfully"}
{"level":"ERROR","time":"2025-03-04T09:49:27.789+0300","caller":"logging/logger.go:65","msg":"Failed to migrate","err":"ERROR: relation \"sendposts\" does not exist (SQLSTATE 42P01)","stacktrace":"crm-uplift-ii24-backend/pkg/logging.Error\n\t/home/dmitry/go_projects/crm-uplift-ii24-app/backend/pkg/logging/logger.go:65\nmain.main\n\t/home/dmitry/go_projects/crm-uplift-ii24-app/backend/main.go:32\nruntime.main\n\t/snap/go/10853/src/runtime/proc.go:283"}
{"level":"INFO","time":"2025-03-04T09:49:27.789+0300","caller":"logging/logger.go:55","msg":"Server is running on port: 8081"}
{"level":"INFO","time":"2025-03-04T09:51:01.089+0300","caller":"logging/logger.go:55","msg":"Config downloaded..."}
{"level":"DEBUG","time":"2025-03-04T09:51:01.089+0300","caller":"logging/logger.go:50","msg":"Config Fields","cfg":{"DB":{"Host":"localhost","Port":"5432","User":"backend_user","Pwd":"backenf_user_pwd","Database":"backend","SSLMode":"disable"},"App":{"PrefectApiUrl":"https://prefect.ons.vita.local/api","StageStatusQueryTimeout":1,"NumWorkers":5}}}
{"level":"INFO","time":"2025-03-04T09:51:01.093+0300","caller":"logging/logger.go:55","msg":"Connected to the database successfully"}
{"level":"ERROR","time":"2025-03-04T09:51:01.101+0300","caller":"logging/logger.go:65","msg":"Failed to migrate","err":"ERROR: relation \"sendposts\" does not exist (SQLSTATE 42P01)","stacktrace":"crm-uplift-ii24-backend/pkg/logging.Error\n\t/home/dmitry/go_projects/crm-uplift-ii24-app/backend/pkg/logging/logger.go:65\nmain.main\n\t/home/dmitry/go_projects/crm-uplift-ii24-app/backend/main.go:32\nruntime.main\n\t/snap/go/10853/src/runtime/proc.go:283"}
{"level":"INFO","time":"2025-03-04T09:51:01.101+0300","caller":"logging/logger.go:55","msg":"Server is running on port: 8081"}
{"level":"INFO","time":"2025-03-04T09:51:23.203+0300","caller":"logging/logger.go:55","msg":"Config downloaded..."}
{"level":"DEBUG","time":"2025-03-04T09:51:23.204+0300","caller":"logging/logger.go:50","msg":"Config Fields","cfg":{"DB":{"Host":"localhost","Port":"5432","User":"backend_user","Pwd":"backenf_user_pwd","Database":"backend","SSLMode":"disable"},"App":{"PrefectApiUrl":"https://prefect.ons.vita.local/api","StageStatusQueryTimeout":1,"NumWorkers":5}}}
{"level":"INFO","time":"2025-03-04T09:51:23.206+0300","caller":"logging/logger.go:55","msg":"Connected to the database successfully"}
{"level":"ERROR","time":"2025-03-04T09:51:23.214+0300","caller":"logging/logger.go:65","msg":"Failed to migrate","err":"ERROR: relation \"sendposts\" does not exist (SQLSTATE 42P01)","stacktrace":"crm-uplift-ii24-backend/pkg/logging.Error\n\t/home/dmitry/go_projects/crm-uplift-ii24-app/backend/pkg/logging/logger.go:65\nmain.main\n\t/home/dmitry/go_projects/crm-uplift-ii24-app/backend/main.go:32\nruntime.main\n\t/snap/go/10853/src/runtime/proc.go:283"}
{"level":"INFO","time":"2025-03-04T09:51:23.214+0300","caller":"logging/logger.go:55","msg":"Server is running on port: 8081"}
{"level":"INFO","time":"2025-03-04T09:53:51.847+0300","caller":"logging/logger.go:55","msg":"Config downloaded..."}
{"level":"DEBUG","time":"2025-03-04T09:53:51.847+0300","caller":"logging/logger.go:50","msg":"Config Fields","cfg":{"DB":{"Host":"localhost","Port":"5432","User":"backend_user","Pwd":"backenf_user_pwd","Database":"backend","SSLMode":"disable"},"App":{"PrefectApiUrl":"https://prefect.ons.vita.local/api","StageStatusQueryTimeout":1,"NumWorkers":5}}}
{"level":"INFO","time":"2025-03-04T09:53:51.850+0300","caller":"logging/logger.go:55","msg":"Connected to the database successfully"}
{"level":"INFO","time":"2025-03-04T09:53:51.886+0300","caller":"persistence/db.go:52","msg":"Database migration completed successfully"}
{"level":"INFO","time":"2025-03-04T09:53:51.886+0300","caller":"logging/logger.go:55","msg":"Server is running on port: 8081"}
{"level":"INFO","time":"2025-03-04T09:57:39.791+0300","caller":"logging/logger.go:55","msg":"Config downloaded..."}
{"level":"DEBUG","time":"2025-03-04T09:57:39.791+0300","caller":"logging/logger.go:50","msg":"Config Fields","cfg":{"DB":{"Host":"localhost","Port":"5432","User":"backend_user","Pwd":"backenf_user_pwd","Database":"backend","SSLMode":"disable"},"App":{"PrefectApiUrl":"https://prefect.ons.vita.local/api","StageStatusQueryTimeout":1,"NumWorkers":5}}}
{"level":"INFO","time":"2025-03-04T09:57:39.794+0300","caller":"logging/logger.go:55","msg":"Connected to the database successfully"}
{"level":"INFO","time":"2025-03-04T09:57:39.862+0300","caller":"persistence/db.go:64","msg":"Database migration completed successfully"}
{"level":"INFO","time":"2025-03-04T09:57:39.862+0300","caller":"logging/logger.go:55","msg":"Server is running on port: 8081"}
{"level":"INFO","time":"2025-03-04T09:59:06.012+0300","caller":"logging/logger.go:55","msg":"Config downloaded..."}
{"level":"DEBUG","time":"2025-03-04T09:59:06.012+0300","caller":"logging/logger.go:50","msg":"Config Fields","cfg":{"DB":{"Host":"localhost","Port":"5432","User":"backend_user","Pwd":"backenf_user_pwd","Database":"backend","SSLMode":"disable"},"App":{"PrefectApiUrl":"https://prefect.ons.vita.local/api","StageStatusQueryTimeout":1,"NumWorkers":5}}}
{"level":"INFO","time":"2025-03-04T09:59:06.016+0300","caller":"logging/logger.go:55","msg":"Connected to the database successfully"}
{"level":"INFO","time":"2025-03-04T09:59:06.053+0300","caller":"persistence/db.go:64","msg":"Database migration completed successfully"}
{"level":"INFO","time":"2025-03-04T09:59:06.053+0300","caller":"logging/logger.go:55","msg":"Server is running on port: 8081"}
{"level":"INFO","time":"2025-03-04T10:01:03.666+0300","caller":"logging/logger.go:55","msg":"[Sendpost controller] Create sendpost request"}
{"level":"INFO","time":"2025-03-04T10:01:09.255+0300","caller":"logging/logger.go:55","msg":"[Sendpost controller] Get sendposts request"}
{"level":"DEBUG","time":"2025-03-04T10:01:09.258+0300","caller":"logging/logger.go:50","msg":"debug GetSendposts","sendposts":[{"ID":1,"CreatedAt":"2025-03-04T10:01:03.667728+03:00","UpdatedAt":"2025-03-04T10:01:03.667728+03:00","DeletedAt":null,"SendpostName":"test","IsTemplate":true,"FirstStageID":null,"FirstStage":null,"State":"NEVERRUNNING"}]}
{"level":"INFO","time":"2025-03-04T10:01:17.682+0300","caller":"logging/logger.go:55","msg":"[Sendpost controller] Get sendpost request"}
{"level":"DEBUG","time":"2025-03-04T10:01:17.683+0300","caller":"logging/logger.go:50","msg":"debug GetSendpostByID","sendpost_id":1,"sendpost":{"ID":1,"CreatedAt":"2025-03-04T10:01:03.667728+03:00","UpdatedAt":"2025-03-04T10:01:03.667728+03:00","DeletedAt":null,"SendpostName":"test","IsTemplate":true,"FirstStageID":null,"FirstStage":null,"State":"NEVERRUNNING"}}
{"level":"INFO","time":"2025-03-04T10:01:28.702+0300","caller":"logging/logger.go:55","msg":"[Sendpost controller] Update sendpost request"}
{"level":"DEBUG","time":"2025-03-04T10:01:28.704+0300","caller":"logging/logger.go:50","msg":"debug GetSendpostByID","sendpost_id":1,"sendpost":{"ID":1,"CreatedAt":"2025-03-04T10:01:03.667728+03:00","UpdatedAt":"2025-03-04T10:01:03.667728+03:00","DeletedAt":null,"SendpostName":"test","IsTemplate":true,"FirstStageID":null,"FirstStage":null,"State":"NEVERRUNNING"}}
{"level":"INFO","time":"2025-03-04T10:01:50.888+0300","caller":"logging/logger.go:55","msg":"[Sendpost controller] Delete sendpost request"}
{"level":"DEBUG","time":"2025-03-04T10:01:50.889+0300","caller":"logging/logger.go:50","msg":"Sendpost stages","stages":[]}
{"level":"INFO","time":"2025-03-04T10:02:01.851+0300","caller":"logging/logger.go:55","msg":"[Sendpost controller] Create sendpost request"}
{"level":"INFO","time":"2025-03-04T10:02:24.206+0300","caller":"logging/logger.go:55","msg":"[Stage controller] Add stage to sendpost request"}
{"level":"DEBUG","time":"2025-03-04T10:02:24.212+0300","caller":"logging/logger.go:50","msg":"Sendpost first stage","stage":{"ID":1,"CreatedAt":"2025-03-04T10:02:24.208063+03:00","UpdatedAt":"2025-03-04T10:02:24.208063+03:00","DeletedAt":null,"SendpostID":2,"Sendpost":null,"State":"NEVERRUNNING","Type":"PARALLEL","DeploymnentID":"1","FlowRunID":null,"StageParameters":null,"NextStageID":null,"NextStage":null,"ParentStageID":null,"SubStages":null,"IsBlocked":false}}
{"level":"INFO","time":"2025-03-04T10:19:19.197+0300","caller":"logging/logger.go:55","msg":"[Stage controller] Delete stage request"}
{"level":"DEBUG","time":"2025-03-04T10:19:19.199+0300","caller":"logging/logger.go:50","msg":"Sendpost stage by id","stage":{"ID":1,"CreatedAt":"2025-03-04T10:02:24.208063+03:00","UpdatedAt":"2025-03-04T10:02:24.208063+03:00","DeletedAt":null,"SendpostID":2,"Sendpost":null,"State":"NEVERRUNNING","Type":"PARALLEL","DeploymnentID":"1","FlowRunID":null,"StageParameters":null,"NextStageID":null,"NextStage":null,"ParentStageID":null,"SubStages":null,"IsBlocked":false}}
{"level":"INFO","time":"2025-03-04T10:19:19.199+0300","caller":"logging/logger.go:55","msg":"Get substages for the stage","stage_id":1}
{"level":"DEBUG","time":"2025-03-04T10:19:19.200+0300","caller":"logging/logger.go:50","msg":"Sendpost sub-stages","sub-stages":[]}
{"level":"INFO","time":"2025-03-04T10:19:30.076+0300","caller":"logging/logger.go:55","msg":"[Stage controller] Add stage to sendpost request"}
{"level":"DEBUG","time":"2025-03-04T10:19:30.080+0300","caller":"logging/logger.go:50","msg":"Sendpost first stage","stage":{"ID":2,"CreatedAt":"2025-03-04T10:19:30.077859+03:00","UpdatedAt":"2025-03-04T10:19:30.077859+03:00","DeletedAt":null,"SendpostID":2,"Sendpost":null,"State":"NEVERRUNNING","Type":"PARALLEL","DeploymnentID":"1","FlowRunID":null,"StageParameters":null,"NextStageID":null,"NextStage":null,"ParentStageID":null,"SubStages":null,"IsBlocked":false}}
{"level":"INFO","time":"2025-03-04T10:21:01.018+0300","caller":"logging/logger.go:55","msg":"[Stage controller] Delete stage request"}
{"level":"DEBUG","time":"2025-03-04T10:21:01.019+0300","caller":"logging/logger.go:50","msg":"Sendpost stage by id","stage":{"ID":2,"CreatedAt":"2025-03-04T10:19:30.077859+03:00","UpdatedAt":"2025-03-04T10:19:30.077859+03:00","DeletedAt":null,"SendpostID":2,"Sendpost":null,"State":"NEVERRUNNING","Type":"PARALLEL","DeploymnentID":"1","FlowRunID":null,"StageParameters":null,"NextStageID":null,"NextStage":null,"ParentStageID":null,"SubStages":null,"IsBlocked":false}}
{"level":"INFO","time":"2025-03-04T10:21:01.019+0300","caller":"logging/logger.go:55","msg":"Get substages for the stage","stage_id":2}
{"level":"DEBUG","time":"2025-03-04T10:21:01.020+0300","caller":"logging/logger.go:50","msg":"Sendpost sub-stages","sub-stages":[]}
{"level":"INFO","time":"2025-03-04T10:21:05.023+0300","caller":"logging/logger.go:55","msg":"Config downloaded..."}
{"level":"DEBUG","time":"2025-03-04T10:21:05.023+0300","caller":"logging/logger.go:50","msg":"Config Fields","cfg":{"DB":{"Host":"localhost","Port":"5432","User":"backend_user","Pwd":"backenf_user_pwd","Database":"backend","SSLMode":"disable"},"App":{"PrefectApiUrl":"https://prefect.ons.vita.local/api","StageStatusQueryTimeout":1,"NumWorkers":5}}}
{"level":"INFO","time":"2025-03-04T10:21:05.026+0300","caller":"logging/logger.go:55","msg":"Connected to the database successfully"}
{"level":"ERROR","time":"2025-03-04T10:21:05.095+0300","caller":"logging/logger.go:65","msg":"Failed to migrate","err":"ERROR: constraint \"fk_sendposts_first_stage\" for relation \"sendposts\" already exists (SQLSTATE 42710)","stacktrace":"crm-uplift-ii24-backend/pkg/logging.Error\n\t/home/dmitry/go_projects/crm-uplift-ii24-app/backend/pkg/logging/logger.go:65\nmain.main\n\t/home/dmitry/go_projects/crm-uplift-ii24-app/backend/main.go:32\nruntime.main\n\t/snap/go/10853/src/runtime/proc.go:283"}
{"level":"INFO","time":"2025-03-04T10:21:05.095+0300","caller":"logging/logger.go:55","msg":"Server is running on port: 8081"}
{"level":"INFO","time":"2025-03-04T10:21:11.836+0300","caller":"logging/logger.go:55","msg":"[Stage controller] Add stage to sendpost request"}
{"level":"DEBUG","time":"2025-03-04T10:21:11.842+0300","caller":"logging/logger.go:50","msg":"Sendpost first stage","stage":{"ID":3,"CreatedAt":"2025-03-04T10:21:11.838111+03:00","UpdatedAt":"2025-03-04T10:21:11.838111+03:00","DeletedAt":null,"SendpostID":2,"Sendpost":null,"State":"NEVERRUNNING","Type":"PARALLEL","DeploymnentID":"1","FlowRunID":null,"StageParameters":null,"NextStageID":null,"NextStage":null,"ParentStageID":null,"SubStages":null,"IsBlocked":false}}
{"level":"DEBUG","time":"2025-03-04T10:21:11.842+0300","caller":"logging/logger.go:50","msg":"debug GetSendpostByID","sendpost_id":2,"sendpost":{"ID":2,"CreatedAt":"2025-03-04T10:02:01.852188+03:00","UpdatedAt":"2025-03-04T10:02:01.852188+03:00","DeletedAt":null,"SendpostName":"test","IsTemplate":true,"FirstStageID":null,"FirstStage":null,"State":"NEVERRUNNING"}}
{"level":"INFO","time":"2025-03-04T10:21:26.313+0300","caller":"logging/logger.go:55","msg":"[Stage controller] Add stage to sendpost request"}
{"level":"DEBUG","time":"2025-03-04T10:21:26.318+0300","caller":"logging/logger.go:50","msg":"Sendpost first stage","stage":{"ID":3,"CreatedAt":"2025-03-04T10:21:11.838111+03:00","UpdatedAt":"2025-03-04T10:21:11.838111+03:00","DeletedAt":null,"SendpostID":2,"Sendpost":null,"State":"NEVERRUNNING","Type":"PARALLEL","DeploymnentID":"1","FlowRunID":null,"StageParameters":null,"NextStageID":null,"NextStage":null,"ParentStageID":null,"SubStages":null,"IsBlocked":false}}
{"level":"DEBUG","time":"2025-03-04T10:21:26.318+0300","caller":"logging/logger.go:50","msg":"debug GetSendpostByID","sendpost_id":2,"sendpost":{"ID":2,"CreatedAt":"2025-03-04T10:02:01.852188+03:00","UpdatedAt":"2025-03-04T10:21:11.843337+03:00","DeletedAt":null,"SendpostName":"test","IsTemplate":true,"FirstStageID":3,"FirstStage":null,"State":"NEVERRUNNING"}}
{"level":"INFO","time":"2025-03-04T10:23:03.602+0300","caller":"logging/logger.go:55","msg":"[Stage controller] Add stage to sendpost request"}
{"level":"DEBUG","time":"2025-03-04T10:23:03.608+0300","caller":"logging/logger.go:50","msg":"Sendpost stage by id","stage":{"ID":3,"CreatedAt":"2025-03-04T10:21:11.838111+03:00","UpdatedAt":"2025-03-04T10:21:11.838111+03:00","DeletedAt":null,"SendpostID":2,"Sendpost":null,"State":"NEVERRUNNING","Type":"PARALLEL","DeploymnentID":"1","FlowRunID":null,"StageParameters":null,"NextStageID":null,"NextStage":null,"ParentStageID":null,"SubStages":null,"IsBlocked":false}}
{"level":"INFO","time":"2025-03-04T10:26:01.587+0300","caller":"logging/logger.go:55","msg":"[Stage controller] Add stage to sendpost request"}
{"level":"DEBUG","time":"2025-03-04T10:26:01.591+0300","caller":"logging/logger.go:50","msg":"Sendpost stage by id","stage":{"ID":3,"CreatedAt":"2025-03-04T10:21:11.838111+03:00","UpdatedAt":"2025-03-04T10:23:03.608531+03:00","DeletedAt":null,"SendpostID":2,"Sendpost":null,"State":"NEVERRUNNING","Type":"PARALLEL","DeploymnentID":"1","FlowRunID":null,"StageParameters":null,"NextStageID":5,"NextStage":null,"ParentStageID":null,"SubStages":null,"IsBlocked":false}}
{"level":"INFO","time":"2025-03-04T10:26:59.905+0300","caller":"logging/logger.go:55","msg":"[Stage controller] Add sub-stage request"}
{"level":"DEBUG","time":"2025-03-04T10:26:59.907+0300","caller":"logging/logger.go:50","msg":"Sendpost stage by id","stage":{"ID":5,"CreatedAt":"2025-03-04T10:23:03.603969+03:00","UpdatedAt":"2025-03-04T10:23:03.603969+03:00","DeletedAt":null,"SendpostID":2,"Sendpost":null,"State":"NEVERRUNNING","Type":"PARALLEL","DeploymnentID":"1","FlowRunID":null,"StageParameters":null,"NextStageID":null,"NextStage":null,"ParentStageID":null,"SubStages":null,"IsBlocked":false}}
